<?xml version="1.0" encoding="UTF-8"?>
<coverage generated="1613784556330" clover="3.2.0">
  <project timestamp="1613784556330" name="All files">
    <metrics statements="11" coveredstatements="11" conditionals="7" coveredconditionals="5" methods="5" coveredmethods="5" elements="23" coveredelements="21" complexity="0" loc="11" ncloc="11" packages="3" files="3" classes="3"/>
    <package name="components.Button">
      <metrics statements="1" coveredstatements="1" conditionals="3" coveredconditionals="2" methods="1" coveredmethods="1"/>
      <file name="index.tsx" path="/home/marcosborges/www/labs/labely/src/components/Button/index.tsx">
        <metrics statements="1" coveredstatements="1" conditionals="3" coveredconditionals="2" methods="1" coveredmethods="1"/>
        <line num="12" count="4" type="stmt"/>
      </file>
    </package>
    <package name="components.Input">
      <metrics statements="1" coveredstatements="1" conditionals="2" coveredconditionals="2" methods="1" coveredmethods="1"/>
      <file name="index.tsx" path="/home/marcosborges/www/labs/labely/src/components/Input/index.tsx">
        <metrics statements="1" coveredstatements="1" conditionals="2" coveredconditionals="2" methods="1" coveredmethods="1"/>
        <line num="12" count="4" type="stmt"/>
      </file>
    </package>
    <package name="pages.User">
      <metrics statements="9" coveredstatements="9" conditionals="2" coveredconditionals="1" methods="3" coveredmethods="3"/>
      <file name="index.tsx" path="/home/marcosborges/www/labs/labely/src/pages/User/index.tsx">
        <metrics statements="9" coveredstatements="9" conditionals="2" coveredconditionals="1" methods="3" coveredmethods="3"/>
        <line num="22" count="4" type="stmt"/>
        <line num="23" count="4" type="stmt"/>
        <line num="25" count="4" type="stmt"/>
        <line num="28" count="2" type="stmt"/>
        <line num="32" count="1" type="cond" truecount="1" falsecount="1"/>
        <line num="34" count="1" type="stmt"/>
        <line num="36" count="1" type="stmt"/>
        <line num="37" count="1" type="stmt"/>
        <line num="40" count="4" type="stmt"/>
      </file>
    </package>
  </project>
</coverage>
