<?xml version="1.0" encoding="UTF-8"?>
<coverage generated="1613855766374" clover="3.2.0">
  <project timestamp="1613855766374" name="All files">
    <metrics statements="38" coveredstatements="34" conditionals="30" coveredconditionals="21" methods="18" coveredmethods="15" elements="86" coveredelements="70" complexity="0" loc="38" ncloc="38" packages="5" files="5" classes="5"/>
    <package name="components.Button">
      <metrics statements="1" coveredstatements="1" conditionals="3" coveredconditionals="2" methods="1" coveredmethods="1"/>
      <file name="index.tsx" path="/home/marcosborges/www/labs/labely/src/components/Button/index.tsx">
        <metrics statements="1" coveredstatements="1" conditionals="3" coveredconditionals="2" methods="1" coveredmethods="1"/>
        <line num="13" count="5" type="stmt"/>
      </file>
    </package>
    <package name="components.Input">
      <metrics statements="1" coveredstatements="1" conditionals="2" coveredconditionals="2" methods="1" coveredmethods="1"/>
      <file name="index.tsx" path="/home/marcosborges/www/labs/labely/src/components/Input/index.tsx">
        <metrics statements="1" coveredstatements="1" conditionals="2" coveredconditionals="2" methods="1" coveredmethods="1"/>
        <line num="12" count="5" type="stmt"/>
      </file>
    </package>
    <package name="components.Item">
      <metrics statements="2" coveredstatements="2" conditionals="15" coveredconditionals="11" methods="2" coveredmethods="2"/>
      <file name="index.tsx" path="/home/marcosborges/www/labs/labely/src/components/Item/index.tsx">
        <metrics statements="2" coveredstatements="2" conditionals="15" coveredconditionals="11" methods="2" coveredmethods="2"/>
        <line num="46" count="5" type="stmt"/>
        <line num="71" count="15" type="stmt"/>
      </file>
    </package>
    <package name="pages.User">
      <metrics statements="12" coveredstatements="12" conditionals="4" coveredconditionals="2" methods="3" coveredmethods="3"/>
      <file name="index.tsx" path="/home/marcosborges/www/labs/labely/src/pages/User/index.tsx">
        <metrics statements="12" coveredstatements="12" conditionals="4" coveredconditionals="2" methods="3" coveredmethods="3"/>
        <line num="23" count="5" type="stmt"/>
        <line num="24" count="5" type="stmt"/>
        <line num="25" count="5" type="stmt"/>
        <line num="27" count="5" type="stmt"/>
        <line num="29" count="5" type="stmt"/>
        <line num="30" count="2" type="stmt"/>
        <line num="33" count="5" type="stmt"/>
        <line num="34" count="1" type="cond" truecount="1" falsecount="1"/>
        <line num="36" count="1" type="stmt"/>
        <line num="38" count="1" type="stmt"/>
        <line num="39" count="1" type="stmt"/>
        <line num="42" count="5" type="stmt"/>
      </file>
    </package>
    <package name="pages.Users">
      <metrics statements="22" coveredstatements="18" conditionals="6" coveredconditionals="4" methods="11" coveredmethods="8"/>
      <file name="index.tsx" path="/home/marcosborges/www/labs/labely/src/pages/Users/index.tsx">
        <metrics statements="22" coveredstatements="18" conditionals="6" coveredconditionals="4" methods="11" coveredmethods="8"/>
        <line num="16" count="5" type="stmt"/>
        <line num="17" count="5" type="stmt"/>
        <line num="19" count="5" type="stmt"/>
        <line num="21" count="5" type="stmt"/>
        <line num="22" count="0" type="stmt"/>
        <line num="25" count="5" type="stmt"/>
        <line num="26" count="1" type="stmt"/>
        <line num="29" count="5" type="stmt"/>
        <line num="30" count="5" type="stmt"/>
        <line num="32" count="0" type="stmt"/>
        <line num="38" count="0" type="stmt"/>
        <line num="51" count="5" type="stmt"/>
        <line num="53" count="1" type="stmt"/>
        <line num="54" count="1" type="stmt"/>
        <line num="60" count="5" type="stmt"/>
        <line num="67" count="5" type="cond" truecount="1" falsecount="1"/>
        <line num="68" count="5" type="cond" truecount="1" falsecount="1"/>
        <line num="70" count="0" type="stmt"/>
        <line num="74" count="5" type="stmt"/>
        <line num="84" count="5" type="stmt"/>
        <line num="92" count="1" type="stmt"/>
        <line num="97" count="5" type="stmt"/>
      </file>
    </package>
  </project>
</coverage>
