{"/home/marcosborges/www/labs/labely/src/components/Button/index.tsx": {"path":"/home/marcosborges/www/labs/labely/src/components/Button/index.tsx","statementMap":{"0":{"start":{"line":12,"column":2},"end":{"line":16,"column":3}}},"fnMap":{"0":{"name":"Button","decl":{"start":{"line":11,"column":24},"end":{"line":11,"column":30}},"loc":{"start":{"line":11,"column":79},"end":{"line":17,"column":1}},"line":11}},"branchMap":{"0":{"loc":{"start":{"line":11,"column":43},"end":{"line":11,"column":58}},"type":"default-arg","locations":[{"start":{"line":11,"column":53},"end":{"line":11,"column":58}}],"line":11},"1":{"loc":{"start":{"line":14,"column":7},"end":{"line":14,"column":67}},"type":"cond-expr","locations":[{"start":{"line":14,"column":17},"end":{"line":14,"column":41}},{"start":{"line":14,"column":44},"end":{"line":14,"column":67}}],"line":14}},"s":{"0":4},"f":{"0":4},"b":{"0":[4],"1":[0,4]},"_coverageSchema":"1a1c01bbd47fc00a2c39e90264f33305004495a9","hash":"594a4a9bb9b05f73a9de60a98df23a44765ebd37"}
,"/home/marcosborges/www/labs/labely/src/components/Input/index.tsx": {"path":"/home/marcosborges/www/labs/labely/src/components/Input/index.tsx","statementMap":{"0":{"start":{"line":12,"column":2},"end":{"line":17,"column":3}}},"fnMap":{"0":{"name":"Input","decl":{"start":{"line":11,"column":24},"end":{"line":11,"column":29}},"loc":{"start":{"line":11,"column":57},"end":{"line":18,"column":1}},"line":11}},"branchMap":{"0":{"loc":{"start":{"line":14,"column":7},"end":{"line":14,"column":40}},"type":"binary-expr","locations":[{"start":{"line":14,"column":7},"end":{"line":14,"column":11}},{"start":{"line":14,"column":15},"end":{"line":14,"column":40}}],"line":14}},"s":{"0":4},"f":{"0":4},"b":{"0":[4,4]},"_coverageSchema":"1a1c01bbd47fc00a2c39e90264f33305004495a9","hash":"a1d38c717f66eb8f11beaa146ca30df76b4d2777"}
,"/home/marcosborges/www/labs/labely/src/pages/User/index.tsx": {"path":"/home/marcosborges/www/labs/labely/src/pages/User/index.tsx","statementMap":{"0":{"start":{"line":22,"column":21},"end":{"line":22,"column":36}},"1":{"start":{"line":23,"column":33},"end":{"line":23,"column":43}},"2":{"start":{"line":25,"column":26},"end":{"line":25,"column":38}},"3":{"start":{"line":28,"column":4},"end":{"line":28,"column":18}},"4":{"start":{"line":32,"column":4},"end":{"line":32,"column":21}},"5":{"start":{"line":32,"column":15},"end":{"line":32,"column":21}},"6":{"start":{"line":34,"column":4},"end":{"line":34,"column":36}},"7":{"start":{"line":36,"column":4},"end":{"line":36,"column":25}},"8":{"start":{"line":37,"column":4},"end":{"line":37,"column":32}},"9":{"start":{"line":40,"column":2},"end":{"line":76,"column":3}}},"fnMap":{"0":{"name":"Home","decl":{"start":{"line":21,"column":24},"end":{"line":21,"column":28}},"loc":{"start":{"line":21,"column":31},"end":{"line":77,"column":1}},"line":21},"1":{"name":"handleChange","decl":{"start":{"line":27,"column":11},"end":{"line":27,"column":23}},"loc":{"start":{"line":27,"column":39},"end":{"line":29,"column":3}},"line":27},"2":{"name":"handleSubmit","decl":{"start":{"line":31,"column":17},"end":{"line":31,"column":29}},"loc":{"start":{"line":31,"column":32},"end":{"line":38,"column":3}},"line":31}},"branchMap":{"0":{"loc":{"start":{"line":32,"column":4},"end":{"line":32,"column":21}},"type":"if","locations":[{"start":{"line":32,"column":4},"end":{"line":32,"column":21}},{"start":{"line":32,"column":4},"end":{"line":32,"column":21}}],"line":32}},"s":{"0":4,"1":4,"2":4,"3":2,"4":1,"5":0,"6":1,"7":1,"8":1,"9":4},"f":{"0":4,"1":2,"2":1},"b":{"0":[0,1]},"_coverageSchema":"1a1c01bbd47fc00a2c39e90264f33305004495a9","hash":"3413ca7fa03d48739d902a4d676cb6fa63c5b2c5"}
}
