{"/home/marcosborges/www/labs/labely/src/components/Button/index.tsx": {"path":"/home/marcosborges/www/labs/labely/src/components/Button/index.tsx","statementMap":{"0":{"start":{"line":13,"column":2},"end":{"line":17,"column":3}}},"fnMap":{"0":{"name":"Button","decl":{"start":{"line":12,"column":24},"end":{"line":12,"column":30}},"loc":{"start":{"line":12,"column":79},"end":{"line":18,"column":1}},"line":12}},"branchMap":{"0":{"loc":{"start":{"line":12,"column":43},"end":{"line":12,"column":58}},"type":"default-arg","locations":[{"start":{"line":12,"column":53},"end":{"line":12,"column":58}}],"line":12},"1":{"loc":{"start":{"line":15,"column":7},"end":{"line":15,"column":67}},"type":"cond-expr","locations":[{"start":{"line":15,"column":17},"end":{"line":15,"column":41}},{"start":{"line":15,"column":44},"end":{"line":15,"column":67}}],"line":15}},"s":{"0":5},"f":{"0":5},"b":{"0":[5],"1":[0,5]},"_coverageSchema":"1a1c01bbd47fc00a2c39e90264f33305004495a9","hash":"8ea06aed3cee7cb292f8fbe5a395eee14f36b5eb"}
,"/home/marcosborges/www/labs/labely/src/components/Input/index.tsx": {"path":"/home/marcosborges/www/labs/labely/src/components/Input/index.tsx","statementMap":{"0":{"start":{"line":12,"column":2},"end":{"line":17,"column":3}}},"fnMap":{"0":{"name":"Input","decl":{"start":{"line":11,"column":24},"end":{"line":11,"column":29}},"loc":{"start":{"line":11,"column":57},"end":{"line":18,"column":1}},"line":11}},"branchMap":{"0":{"loc":{"start":{"line":14,"column":7},"end":{"line":14,"column":40}},"type":"binary-expr","locations":[{"start":{"line":14,"column":7},"end":{"line":14,"column":11}},{"start":{"line":14,"column":15},"end":{"line":14,"column":40}}],"line":14}},"s":{"0":5},"f":{"0":5},"b":{"0":[5,5]},"_coverageSchema":"1a1c01bbd47fc00a2c39e90264f33305004495a9","hash":"a1d38c717f66eb8f11beaa146ca30df76b4d2777"}
,"/home/marcosborges/www/labs/labely/src/components/Item/index.tsx": {"path":"/home/marcosborges/www/labs/labely/src/components/Item/index.tsx","statementMap":{"0":{"start":{"line":46,"column":2},"end":{"line":79,"column":3}},"1":{"start":{"line":71,"column":12},"end":{"line":74,"column":22}}},"fnMap":{"0":{"name":"Item","decl":{"start":{"line":37,"column":24},"end":{"line":37,"column":28}},"loc":{"start":{"line":45,"column":10},"end":{"line":80,"column":1}},"line":45},"1":{"name":"(anonymous_1)","decl":{"start":{"line":70,"column":20},"end":{"line":70,"column":21}},"loc":{"start":{"line":71,"column":12},"end":{"line":74,"column":22}},"line":71}},"branchMap":{"0":{"loc":{"start":{"line":49,"column":9},"end":{"line":49,"column":54}},"type":"binary-expr","locations":[{"start":{"line":49,"column":9},"end":{"line":49,"column":15}},{"start":{"line":49,"column":19},"end":{"line":49,"column":54}}],"line":49},"1":{"loc":{"start":{"line":54,"column":15},"end":{"line":54,"column":27}},"type":"binary-expr","locations":[{"start":{"line":54,"column":15},"end":{"line":54,"column":20}},{"start":{"line":54,"column":24},"end":{"line":54,"column":27}}],"line":54},"2":{"loc":{"start":{"line":58,"column":13},"end":{"line":62,"column":13}},"type":"binary-expr","locations":[{"start":{"line":58,"column":13},"end":{"line":58,"column":21}},{"start":{"line":59,"column":14},"end":{"line":61,"column":29}}],"line":58},"3":{"loc":{"start":{"line":60,"column":17},"end":{"line":60,"column":67}},"type":"cond-expr","locations":[{"start":{"line":60,"column":27},"end":{"line":60,"column":51}},{"start":{"line":60,"column":54},"end":{"line":60,"column":67}}],"line":60},"4":{"loc":{"start":{"line":64,"column":24},"end":{"line":64,"column":42}},"type":"binary-expr","locations":[{"start":{"line":64,"column":24},"end":{"line":64,"column":35}},{"start":{"line":64,"column":39},"end":{"line":64,"column":42}}],"line":64},"5":{"loc":{"start":{"line":68,"column":7},"end":{"line":77,"column":7}},"type":"binary-expr","locations":[{"start":{"line":68,"column":7},"end":{"line":68,"column":13}},{"start":{"line":68,"column":17},"end":{"line":68,"column":32}},{"start":{"line":69,"column":8},"end":{"line":76,"column":15}}],"line":68},"6":{"loc":{"start":{"line":73,"column":24},"end":{"line":73,"column":36}},"type":"binary-expr","locations":[{"start":{"line":73,"column":24},"end":{"line":73,"column":29}},{"start":{"line":73,"column":33},"end":{"line":73,"column":36}}],"line":73}},"s":{"0":5,"1":15},"f":{"0":5,"1":15},"b":{"0":[5,5],"1":[5,0],"2":[5,5],"3":[0,5],"4":[5,0],"5":[5,5,5],"6":[15,0]},"_coverageSchema":"1a1c01bbd47fc00a2c39e90264f33305004495a9","hash":"b5424fd2186342d862b5d7d80336747358e9e3bb"}
,"/home/marcosborges/www/labs/labely/src/pages/User/index.tsx": {"path":"/home/marcosborges/www/labs/labely/src/pages/User/index.tsx","statementMap":{"0":{"start":{"line":23,"column":23},"end":{"line":23,"column":38}},"1":{"start":{"line":24,"column":21},"end":{"line":24,"column":70}},"2":{"start":{"line":25,"column":34},"end":{"line":25,"column":44}},"3":{"start":{"line":27,"column":26},"end":{"line":27,"column":38}},"4":{"start":{"line":29,"column":23},"end":{"line":31,"column":8}},"5":{"start":{"line":30,"column":4},"end":{"line":30,"column":18}},"6":{"start":{"line":33,"column":23},"end":{"line":40,"column":34}},"7":{"start":{"line":34,"column":4},"end":{"line":34,"column":21}},"8":{"start":{"line":34,"column":15},"end":{"line":34,"column":21}},"9":{"start":{"line":36,"column":4},"end":{"line":36,"column":26}},"10":{"start":{"line":38,"column":4},"end":{"line":38,"column":15}},"11":{"start":{"line":39,"column":4},"end":{"line":39,"column":21}},"12":{"start":{"line":42,"column":2},"end":{"line":82,"column":3}}},"fnMap":{"0":{"name":"Home","decl":{"start":{"line":22,"column":24},"end":{"line":22,"column":28}},"loc":{"start":{"line":22,"column":31},"end":{"line":83,"column":1}},"line":22},"1":{"name":"(anonymous_1)","decl":{"start":{"line":29,"column":35},"end":{"line":29,"column":36}},"loc":{"start":{"line":29,"column":54},"end":{"line":31,"column":3}},"line":29},"2":{"name":"(anonymous_2)","decl":{"start":{"line":33,"column":35},"end":{"line":33,"column":36}},"loc":{"start":{"line":33,"column":47},"end":{"line":40,"column":3}},"line":33}},"branchMap":{"0":{"loc":{"start":{"line":34,"column":4},"end":{"line":34,"column":21}},"type":"if","locations":[{"start":{"line":34,"column":4},"end":{"line":34,"column":21}},{"start":{"line":34,"column":4},"end":{"line":34,"column":21}}],"line":34},"1":{"loc":{"start":{"line":51,"column":11},"end":{"line":53,"column":63}},"type":"cond-expr","locations":[{"start":{"line":52,"column":14},"end":{"line":52,"column":54}},{"start":{"line":53,"column":14},"end":{"line":53,"column":63}}],"line":51}},"s":{"0":5,"1":5,"2":5,"3":5,"4":5,"5":2,"6":5,"7":1,"8":0,"9":1,"10":1,"11":1,"12":5},"f":{"0":5,"1":2,"2":1},"b":{"0":[0,1],"1":[0,5]},"_coverageSchema":"1a1c01bbd47fc00a2c39e90264f33305004495a9","hash":"8e43eb85794e921a6a7cbe585c20475f4dcf0306"}
,"/home/marcosborges/www/labs/labely/src/pages/Users/index.tsx": {"path":"/home/marcosborges/www/labs/labely/src/pages/Users/index.tsx","statementMap":{"0":{"start":{"line":16,"column":35},"end":{"line":16,"column":50}},"1":{"start":{"line":17,"column":41},"end":{"line":17,"column":51}},"2":{"start":{"line":19,"column":30},"end":{"line":19,"column":48}},"3":{"start":{"line":21,"column":31},"end":{"line":23,"column":16}},"4":{"start":{"line":22,"column":4},"end":{"line":22,"column":42}},"5":{"start":{"line":25,"column":32},"end":{"line":27,"column":16}},"6":{"start":{"line":26,"column":4},"end":{"line":26,"column":21}},"7":{"start":{"line":29,"column":2},"end":{"line":49,"column":40}},"8":{"start":{"line":30,"column":4},"end":{"line":48,"column":6}},"9":{"start":{"line":32,"column":8},"end":{"line":34,"column":21}},"10":{"start":{"line":38,"column":8},"end":{"line":46,"column":22}},"11":{"start":{"line":51,"column":23},"end":{"line":57,"column":3}},"12":{"start":{"line":53,"column":6},"end":{"line":53,"column":19}},"13":{"start":{"line":54,"column":6},"end":{"line":54,"column":26}},"14":{"start":{"line":60,"column":4},"end":{"line":60,"column":21}},"15":{"start":{"line":67,"column":6},"end":{"line":71,"column":7}},"16":{"start":{"line":68,"column":8},"end":{"line":68,"column":47}},"17":{"start":{"line":68,"column":27},"end":{"line":68,"column":47}},"18":{"start":{"line":70,"column":8},"end":{"line":70,"column":22}},"19":{"start":{"line":74,"column":17},"end":{"line":82,"column":5}},"20":{"start":{"line":84,"column":4},"end":{"line":94,"column":5}},"21":{"start":{"line":92,"column":24},"end":{"line":92,"column":40}},"22":{"start":{"line":97,"column":2},"end":{"line":101,"column":3}}},"fnMap":{"0":{"name":"Users","decl":{"start":{"line":15,"column":24},"end":{"line":15,"column":29}},"loc":{"start":{"line":15,"column":32},"end":{"line":102,"column":1}},"line":15},"1":{"name":"(anonymous_1)","decl":{"start":{"line":21,"column":43},"end":{"line":21,"column":44}},"loc":{"start":{"line":21,"column":49},"end":{"line":23,"column":3}},"line":21},"2":{"name":"(anonymous_2)","decl":{"start":{"line":25,"column":44},"end":{"line":25,"column":45}},"loc":{"start":{"line":25,"column":50},"end":{"line":27,"column":3}},"line":25},"3":{"name":"(anonymous_3)","decl":{"start":{"line":29,"column":12},"end":{"line":29,"column":13}},"loc":{"start":{"line":29,"column":18},"end":{"line":49,"column":3}},"line":29},"4":{"name":"(anonymous_4)","decl":{"start":{"line":31,"column":18},"end":{"line":31,"column":19}},"loc":{"start":{"line":32,"column":8},"end":{"line":34,"column":21}},"line":32},"5":{"name":"(anonymous_5)","decl":{"start":{"line":37,"column":19},"end":{"line":37,"column":20}},"loc":{"start":{"line":38,"column":8},"end":{"line":46,"column":22}},"line":38},"6":{"name":"(anonymous_6)","decl":{"start":{"line":52,"column":4},"end":{"line":52,"column":5}},"loc":{"start":{"line":52,"column":26},"end":{"line":55,"column":5}},"line":52},"7":{"name":"keyExtractor","decl":{"start":{"line":59,"column":11},"end":{"line":59,"column":23}},"loc":{"start":{"line":59,"column":38},"end":{"line":61,"column":3}},"line":59},"8":{"name":"renderItem","decl":{"start":{"line":63,"column":11},"end":{"line":63,"column":21}},"loc":{"start":{"line":65,"column":18},"end":{"line":95,"column":3}},"line":65},"9":{"name":"formatStarred","decl":{"start":{"line":66,"column":13},"end":{"line":66,"column":26}},"loc":{"start":{"line":66,"column":29},"end":{"line":72,"column":5}},"line":66},"10":{"name":"(anonymous_10)","decl":{"start":{"line":92,"column":18},"end":{"line":92,"column":19}},"loc":{"start":{"line":92,"column":24},"end":{"line":92,"column":40}},"line":92}},"branchMap":{"0":{"loc":{"start":{"line":67,"column":6},"end":{"line":71,"column":7}},"type":"if","locations":[{"start":{"line":67,"column":6},"end":{"line":71,"column":7}},{"start":{"line":67,"column":6},"end":{"line":71,"column":7}}],"line":67},"1":{"loc":{"start":{"line":68,"column":8},"end":{"line":68,"column":47}},"type":"if","locations":[{"start":{"line":68,"column":8},"end":{"line":68,"column":47}},{"start":{"line":68,"column":8},"end":{"line":68,"column":47}}],"line":68},"2":{"loc":{"start":{"line":90,"column":17},"end":{"line":90,"column":49}},"type":"binary-expr","locations":[{"start":{"line":90,"column":17},"end":{"line":90,"column":30}},{"start":{"line":90,"column":34},"end":{"line":90,"column":49}}],"line":90}},"s":{"0":5,"1":5,"2":5,"3":5,"4":0,"5":5,"6":1,"7":5,"8":5,"9":0,"10":0,"11":5,"12":1,"13":1,"14":5,"15":5,"16":5,"17":5,"18":0,"19":5,"20":5,"21":1,"22":5},"f":{"0":5,"1":0,"2":1,"3":5,"4":0,"5":0,"6":1,"7":5,"8":5,"9":5,"10":1},"b":{"0":[5,0],"1":[5,0],"2":[5,1]},"_coverageSchema":"1a1c01bbd47fc00a2c39e90264f33305004495a9","hash":"69aa2cfa6ad511bbbbc7e563d53bd5c6b5c80e9d"}
}
