TN:
SF:src/components/Button/index.tsx
FN:12,Button
FNF:1
FNH:1
FNDA:5,Button
DA:13,5
LF:1
LH:1
BRDA:12,0,0,5
BRDA:15,1,0,0
BRDA:15,1,1,5
BRF:3
BRH:2
end_of_record
TN:
SF:src/components/Input/index.tsx
FN:11,Input
FNF:1
FNH:1
FNDA:5,Input
DA:12,5
LF:1
LH:1
BRDA:14,0,0,5
BRDA:14,0,1,5
BRF:2
BRH:2
end_of_record
TN:
SF:src/components/Item/index.tsx
FN:37,Item
FN:70,(anonymous_1)
FNF:2
FNH:2
FNDA:5,Item
FNDA:15,(anonymous_1)
DA:46,5
DA:71,15
LF:2
LH:2
BRDA:49,0,0,5
BRDA:49,0,1,5
BRDA:54,1,0,5
BRDA:54,1,1,0
BRDA:58,2,0,5
BRDA:58,2,1,5
BRDA:60,3,0,0
BRDA:60,3,1,5
BRDA:64,4,0,5
BRDA:64,4,1,0
BRDA:68,5,0,5
BRDA:68,5,1,5
BRDA:68,5,2,5
BRDA:73,6,0,15
BRDA:73,6,1,0
BRF:15
BRH:11
end_of_record
TN:
SF:src/pages/User/index.tsx
FN:22,Home
FN:29,(anonymous_1)
FN:33,(anonymous_2)
FNF:3
FNH:3
FNDA:5,Home
FNDA:2,(anonymous_1)
FNDA:1,(anonymous_2)
DA:23,5
DA:24,5
DA:25,5
DA:27,5
DA:29,5
DA:30,2
DA:33,5
DA:34,1
DA:36,1
DA:38,1
DA:39,1
DA:42,5
LF:12
LH:12
BRDA:34,0,0,0
BRDA:34,0,1,1
BRDA:51,1,0,0
BRDA:51,1,1,5
BRF:4
BRH:2
end_of_record
TN:
SF:src/pages/Users/index.tsx
FN:15,Users
FN:21,(anonymous_1)
FN:25,(anonymous_2)
FN:29,(anonymous_3)
FN:31,(anonymous_4)
FN:37,(anonymous_5)
FN:52,(anonymous_6)
FN:59,keyExtractor
FN:63,renderItem
FN:66,formatStarred
FN:92,(anonymous_10)
FNF:11
FNH:8
FNDA:5,Users
FNDA:0,(anonymous_1)
FNDA:1,(anonymous_2)
FNDA:5,(anonymous_3)
FNDA:0,(anonymous_4)
FNDA:0,(anonymous_5)
FNDA:1,(anonymous_6)
FNDA:5,keyExtractor
FNDA:5,renderItem
FNDA:5,formatStarred
FNDA:1,(anonymous_10)
DA:16,5
DA:17,5
DA:19,5
DA:21,5
DA:22,0
DA:25,5
DA:26,1
DA:29,5
DA:30,5
DA:32,0
DA:38,0
DA:51,5
DA:53,1
DA:54,1
DA:60,5
DA:67,5
DA:68,5
DA:70,0
DA:74,5
DA:84,5
DA:92,1
DA:97,5
LF:22
LH:18
BRDA:67,0,0,5
BRDA:67,0,1,0
BRDA:68,1,0,5
BRDA:68,1,1,0
BRDA:90,2,0,5
BRDA:90,2,1,1
BRF:6
BRH:4
end_of_record
