TN:
SF:src/components/Button/index.tsx
FN:12,Button
FNF:1
FNH:1
FNDA:5,Button
DA:13,5
LF:1
LH:1
BRDA:12,0,0,5
BRDA:15,1,0,0
BRDA:15,1,1,5
BRF:3
BRH:2
end_of_record
TN:
SF:src/components/Input/index.tsx
FN:11,Input
FNF:1
FNH:1
FNDA:5,Input
DA:12,5
LF:1
LH:1
BRDA:14,0,0,5
BRDA:14,0,1,5
BRF:2
BRH:2
end_of_record
TN:
SF:src/components/Item/index.tsx
FN:34,Item
FN:65,(anonymous_1)
FNF:2
FNH:2
FNDA:2,Item
FNDA:6,(anonymous_1)
DA:41,2
DA:66,6
LF:2
LH:2
BRDA:44,0,0,2
BRDA:44,0,1,2
BRDA:49,1,0,2
BRDA:49,1,1,0
BRDA:53,2,0,2
BRDA:53,2,1,2
BRDA:59,3,0,2
BRDA:59,3,1,0
BRDA:63,4,0,2
BRDA:63,4,1,2
BRDA:63,4,2,2
BRDA:68,5,0,6
BRDA:68,5,1,0
BRF:13
BRH:10
end_of_record
TN:
SF:src/pages/User/index.tsx
FN:22,Home
FN:29,(anonymous_1)
FN:33,(anonymous_2)
FNF:3
FNH:3
FNDA:5,Home
FNDA:2,(anonymous_1)
FNDA:1,(anonymous_2)
DA:23,5
DA:24,5
DA:25,5
DA:27,5
DA:29,5
DA:30,2
DA:33,5
DA:34,1
DA:36,1
DA:38,1
DA:39,1
DA:42,5
LF:12
LH:12
BRDA:34,0,0,0
BRDA:34,0,1,1
BRDA:51,1,0,0
BRDA:51,1,1,5
BRF:4
BRH:2
end_of_record
TN:
SF:src/pages/Users/index.tsx
FN:15,Users
FN:19,(anonymous_1)
FN:23,(anonymous_2)
FN:25,(anonymous_3)
FN:31,(anonymous_4)
FN:42,(anonymous_5)
FN:48,keyExtractor
FN:52,renderItem
FN:55,formatStarred
FN:79,(anonymous_9)
FNF:10
FNH:5
FNDA:2,Users
FNDA:0,(anonymous_1)
FNDA:2,(anonymous_2)
FNDA:0,(anonymous_3)
FNDA:0,(anonymous_4)
FNDA:0,(anonymous_5)
FNDA:2,keyExtractor
FNDA:2,renderItem
FNDA:2,formatStarred
FNDA:0,(anonymous_9)
DA:16,2
DA:17,2
DA:19,2
DA:20,0
DA:23,2
DA:24,2
DA:26,0
DA:32,0
DA:41,2
DA:43,0
DA:49,2
DA:56,2
DA:57,2
DA:59,0
DA:63,2
DA:73,2
DA:79,0
DA:84,2
LF:18
LH:12
BRDA:56,0,0,2
BRDA:56,0,1,0
BRDA:57,1,0,2
BRDA:57,1,1,0
BRF:4
BRH:2
end_of_record
